<?xml version="1.0" encoding="UTF-8"?>
<!-- Generated by org.testng.reporters.JUnitReportReporter -->
<testsuite hostname="DESKTOP-2DC4B1N" failures="0" tests="3" name="testing.VeggiTest" time="0.022" errors="0" timestamp="20 Jul 2022 11:15:04 GMT">
  <testcase classname="testing.VeggiTest" name="Vegetables" time="0.001"/>
  <testcase classname="testing.VeggiTest" name="Tarkari" time="0.004"/>
  <testcase classname="testing.VeggiTest" name="Carrot" time="0.017"/>
</testsuite> <!-- testing.VeggiTest -->
