<?xml version="1.0" encoding="UTF-8"?>
<!-- Generated by org.testng.reporters.JUnitReportReporter -->
<testsuite hostname="DESKTOP-2DC4B1N" failures="0" tests="1" name="testing.ApplicationsTest" time="0.017" errors="0" timestamp="19 Jul 2022 02:04:30 GMT">
  <testcase classname="testing.ApplicationsTest" name="watsTest" time="0.017"/>
</testsuite> <!-- testing.ApplicationsTest -->
