<?xml version="1.0" encoding="UTF-8"?>
<!-- Generated by org.testng.reporters.JUnitReportReporter -->
<testsuite hostname="DESKTOP-2DC4B1N" failures="0" tests="2" name="testing.DemoTest" time="0.006" errors="0" timestamp="25 Jul 2022 14:58:29 GMT">
  <testcase classname="testing.DemoTest" name="Hathi" time="0.004"/>
  <testcase classname="testing.DemoTest" name="khathi" time="0.002"/>
</testsuite> <!-- testing.DemoTest -->
